<?xml version="1.0" encoding="UTF-8"?>
<!-- Generated by org.testng.reporters.JUnitReportReporter -->
<testsuite hostname="Shraddha" name="chromeBrowser.UsingChromeDriver" tests="1" failures="0" timestamp="16 Nov 2017 18:03:22 GMT" time="2.058" errors="0">
  <testcase name="shouldoUnitTesting" time="2.058" classname="chromeBrowser.UsingChromeDriver"/>
</testsuite> <!-- chromeBrowser.UsingChromeDriver -->
