<?xml version="1.0" encoding="UTF-8"?>
<!-- Generated by org.testng.reporters.JUnitReportReporter -->
<testsuite hostname="Shraddha" name="selenium.ActionsEx01" tests="1" failures="0" timestamp="5 Dec 2017 16:37:00 GMT" time="5.576" errors="0">
  <testcase name="shouldDoUnitTesting" time="5.576" classname="selenium.ActionsEx01"/>
</testsuite> <!-- selenium.ActionsEx01 -->
