<?xml version="1.0" encoding="UTF-8"?>
<!-- Generated by org.testng.reporters.JUnitReportReporter -->
<testsuite hostname="Shraddha" name="selenium.ActionsEx01" tests="1" failures="0" timestamp="29 Dec 2017 18:52:38 GMT" time="4.503" errors="0">
  <testcase name="shouldDoUnitTesting" time="4.503" classname="selenium.ActionsEx01"/>
</testsuite> <!-- selenium.ActionsEx01 -->
